<?xml version="1.0" encoding="UTF-8" ?>
<testsuite tests="19" failures="0" name="KassapaateTest" time="0.001" errors="0" skipped="0">
  <properties>
    <property name="java.runtime.name" value="OpenJDK Runtime Environment"/>
    <property name="java.vm.version" value="11.0.6+10"/>
    <property name="sun.boot.library.path" value="C:\Program Files\AdoptOpenJDK\jdk-11.0.6.10-hotspot\bin"/>
    <property name="maven.multiModuleProjectDirectory" value="C:\Users\niila\ot-harjoitustyo\laskarit\viikko2\Unicafe"/>
    <property name="java.vm.vendor" value="AdoptOpenJDK"/>
    <property name="java.vendor.url" value="https://adoptopenjdk.net/"/>
    <property name="guice.disable.misplaced.annotation.check" value="true"/>
    <property name="path.separator" value=";"/>
    <property name="java.vm.name" value="OpenJDK 64-Bit Server VM"/>
    <property name="sun.os.patch.level" value=""/>
    <property name="user.script" value=""/>
    <property name="user.country" value="FI"/>
    <property name="sun.java.launcher" value="SUN_STANDARD"/>
    <property name="java.vm.specification.name" value="Java Virtual Machine Specification"/>
    <property name="user.dir" value="C:\Users\niila\ot-harjoitustyo\laskarit\viikko2\Unicafe"/>
    <property name="java.vm.compressedOopsMode" value="Zero based"/>
    <property name="java.runtime.version" value="11.0.6+10"/>
    <property name="java.awt.graphicsenv" value="sun.awt.Win32GraphicsEnvironment"/>
    <property name="os.arch" value="amd64"/>
    <property name="java.io.tmpdir" value="C:\Users\niila\AppData\Local\Temp\"/>
    <property name="line.separator" value="
"/>
    <property name="java.vm.specification.vendor" value="Oracle Corporation"/>
    <property name="user.variant" value=""/>
    <property name="os.name" value="Windows 10"/>
    <property name="classworlds.conf" value="C:\Program Files\apache-maven-3.6.3\bin\..\bin\m2.conf"/>
    <property name="sun.jnu.encoding" value="Cp1252"/>
    <property name="java.library.path" value="C:\Program Files\AdoptOpenJDK\jdk-11.0.6.10-hotspot\bin;C:\WINDOWS\Sun\Java\bin;C:\WINDOWS\system32;C:\WINDOWS;C:\Windows\System32;C:\Users\niila\AppData\Local\Microsoft\WindowsApps;C:\Program Files\apache-maven-3.6.3\bin;C:\Program Files\apache-maven-3.6.3\bin;C:\Program Files\AdoptOpenJDK\jdk-11.0.6.10-hotspot\bin;C:\Program Files\Git\bin;C:\Program Files\Git\cmd;;."/>
    <property name="maven.conf" value="C:\Program Files\apache-maven-3.6.3\bin\../conf"/>
    <property name="jdk.debug" value="release"/>
    <property name="java.class.version" value="55.0"/>
    <property name="java.specification.name" value="Java Platform API Specification"/>
    <property name="sun.management.compiler" value="HotSpot 64-Bit Tiered Compilers"/>
    <property name="os.version" value="10.0"/>
    <property name="library.jansi.path" value="C:\Program Files\apache-maven-3.6.3\bin\..\lib\jansi-native"/>
    <property name="user.home" value="C:\Users\niila"/>
    <property name="user.timezone" value="Europe/Helsinki"/>
    <property name="java.awt.printerjob" value="sun.awt.windows.WPrinterJob"/>
    <property name="file.encoding" value="Cp1252"/>
    <property name="java.specification.version" value="11"/>
    <property name="user.name" value="niila"/>
    <property name="java.class.path" value="C:\Program Files\apache-maven-3.6.3\bin\..\boot\plexus-classworlds-2.6.0.jar"/>
    <property name="java.vm.specification.version" value="11"/>
    <property name="sun.arch.data.model" value="64"/>
    <property name="sun.java.command" value="org.codehaus.plexus.classworlds.launcher.Launcher test jacoco:report"/>
    <property name="java.home" value="C:\Program Files\AdoptOpenJDK\jdk-11.0.6.10-hotspot"/>
    <property name="user.language" value="fi"/>
    <property name="java.specification.vendor" value="Oracle Corporation"/>
    <property name="awt.toolkit" value="sun.awt.windows.WToolkit"/>
    <property name="java.vm.info" value="mixed mode"/>
    <property name="java.version" value="11.0.6"/>
    <property name="java.vendor" value="AdoptOpenJDK"/>
    <property name="sun.stderr.encoding" value="cp850"/>
    <property name="maven.home" value="C:\Program Files\apache-maven-3.6.3\bin\.."/>
    <property name="file.separator" value="\"/>
    <property name="java.version.date" value="2020-01-14"/>
    <property name="java.vendor.url.bug" value="https://github.com/AdoptOpenJDK/openjdk-support/issues"/>
    <property name="sun.io.unicode.encoding" value="UnicodeLittle"/>
    <property name="sun.cpu.endian" value="little"/>
    <property name="java.vendor.version" value="AdoptOpenJDK"/>
    <property name="sun.stdout.encoding" value="cp850"/>
    <property name="sun.desktop" value="windows"/>
    <property name="sun.cpu.isalist" value="amd64"/>
  </properties>
  <testcase classname="KassapaateTest" name="josKortillaSyodaanMaukkaastiNiinKassanRahamaaraEiMuutu" time="0"/>
  <testcase classname="KassapaateTest" name="kassapaateKonstruktoriOnOikea" time="0"/>
  <testcase classname="KassapaateTest" name="korttiOstoToimiiKunSyodaanEdullisesti" time="0"/>
  <testcase classname="KassapaateTest" name="josKortillaEiOleRahaaKunSyodaanMaukkaasti" time="0"/>
  <testcase classname="KassapaateTest" name="josKortillaSyodaanEdullisestiNiinKassanRahamaaraEiMuutu" time="0"/>
  <testcase classname="KassapaateTest" name="lounaidenMaaraKasvaaKunKortillaSyodaanMaukkaasti" time="0"/>
  <testcase classname="KassapaateTest" name="kassapaateKasvaaJosSyoMakeasti" time="0"/>
  <testcase classname="KassapaateTest" name="kassapaateenAntamaVaihtoRahaOnOikeaJosSyoMaukkaasti" time="0"/>
  <testcase classname="KassapaateTest" name="kortilleEiVoiLadataNegatiivisiaSummia" time="0"/>
  <testcase classname="KassapaateTest" name="kassapaateenAntamaVaihtoRahaOnOikeaJosSyoEdullisesti" time="0"/>
  <testcase classname="KassapaateTest" name="kassapaateKasvaaJosSyoEdullisesti" time="0.001"/>
  <testcase classname="KassapaateTest" name="korttiOstoToimiiKunSyodaanMaukkaasti" time="0"/>
  <testcase classname="KassapaateTest" name="josYritetaanSyodaMaukkaastiMuttaRahaaEiOle" time="0"/>
  <testcase classname="KassapaateTest" name="josYritetaanSyodaEdullisestiMuttaRahaaEiOle" time="0"/>
  <testcase classname="KassapaateTest" name="kortilleLatausToimii" time="0"/>
  <testcase classname="KassapaateTest" name="lounaidenMaaraKasvaaKunKortillaSyodaanEdullisesti" time="0"/>
  <testcase classname="KassapaateTest" name="lounaidenMaaraKasvaaJosSyoEdullisesti" time="0"/>
  <testcase classname="KassapaateTest" name="lounaidenMaaraKasvaaJosSyoMaukkaasti" time="0"/>
  <testcase classname="KassapaateTest" name="josKortillaEiOleRahaaKunSyodaanEdullisesti" time="0"/>
</testsuite>